CRITICAL - 2024-05-27 00:57:46 --> CodeIgniter\HTTP\Exceptions\BadRequestException: The URI you submitted has disallowed characters: "swiper@7"
[Method: GET, Route: https:/unpkg.com/swiper@7/swiper-bundle.min.css]
in SYSTEMPATH\Router\Router.php on line 736.
 1 SYSTEMPATH\Router\Router.php(203): CodeIgniter\Router\Router->checkDisallowedChars('https:/unpkg.com/swiper@7/swiper-bundle.min.css')
 2 SYSTEMPATH\CodeIgniter.php(834): CodeIgniter\Router\Router->handle('https:/unpkg.com/swiper@7/swiper-bundle.min.css')
 3 SYSTEMPATH\CodeIgniter.php(457): CodeIgniter\CodeIgniter->tryToRouteIt(Object(CodeIgniter\Router\RouteCollection))
 4 SYSTEMPATH\CodeIgniter.php(355): CodeIgniter\CodeIgniter->handleRequest(null, Object(Config\Cache), false)
 5 SYSTEMPATH\Boot.php(312): CodeIgniter\CodeIgniter->run()
 6 SYSTEMPATH\Boot.php(67): CodeIgniter\Boot::runCodeIgniter(Object(CodeIgniter\CodeIgniter))
 7 FCPATH\index.php(56): CodeIgniter\Boot::bootWeb(Object(Config\Paths))
 8 SYSTEMPATH\Commands\Server\rewrite.php(49): require_once('C:\\xampp\\htdocs\\perpusatakaan_CI4\\public\\index.php')
CRITICAL - 2024-05-27 01:20:35 --> CodeIgniter\View\Exceptions\ViewException: Invalid file: "databuku.php"
[Method: GET, Route: databuku]
in SYSTEMPATH\Exceptions\FrameworkException.php on line 41.
 1 SYSTEMPATH\View\View.php(222): CodeIgniter\Exceptions\FrameworkException::forInvalidFile('databuku.php')
 2 SYSTEMPATH\Common.php(1171): CodeIgniter\View\View->render('databuku', [], true)
 3 APPPATH\Controllers\dashboard.php(13): view('databuku')
 4 SYSTEMPATH\CodeIgniter.php(933): App\Controllers\dashboard->databuku()
 5 SYSTEMPATH\CodeIgniter.php(509): CodeIgniter\CodeIgniter->runController(Object(App\Controllers\dashboard))
 6 SYSTEMPATH\CodeIgniter.php(355): CodeIgniter\CodeIgniter->handleRequest(null, Object(Config\Cache), false)
 7 SYSTEMPATH\Boot.php(312): CodeIgniter\CodeIgniter->run()
 8 SYSTEMPATH\Boot.php(67): CodeIgniter\Boot::runCodeIgniter(Object(CodeIgniter\CodeIgniter))
 9 FCPATH\index.php(56): CodeIgniter\Boot::bootWeb(Object(Config\Paths))
10 SYSTEMPATH\Commands\Server\rewrite.php(49): require_once('C:\\xampp\\htdocs\\perpusatakaan_CI4\\public\\index.php')
CRITICAL - 2024-05-27 01:28:13 --> CodeIgniter\HTTP\Exceptions\BadRequestException: The URI you submitted has disallowed characters: "swiper@7"
[Method: GET, Route: https:/unpkg.com/swiper@7/swiper-bundle.min.css]
in SYSTEMPATH\Router\Router.php on line 736.
 1 SYSTEMPATH\Router\Router.php(203): CodeIgniter\Router\Router->checkDisallowedChars('https:/unpkg.com/swiper@7/swiper-bundle.min.css')
 2 SYSTEMPATH\CodeIgniter.php(834): CodeIgniter\Router\Router->handle('https:/unpkg.com/swiper@7/swiper-bundle.min.css')
 3 SYSTEMPATH\CodeIgniter.php(457): CodeIgniter\CodeIgniter->tryToRouteIt(Object(CodeIgniter\Router\RouteCollection))
 4 SYSTEMPATH\CodeIgniter.php(355): CodeIgniter\CodeIgniter->handleRequest(null, Object(Config\Cache), false)
 5 SYSTEMPATH\Boot.php(312): CodeIgniter\CodeIgniter->run()
 6 SYSTEMPATH\Boot.php(67): CodeIgniter\Boot::runCodeIgniter(Object(CodeIgniter\CodeIgniter))
 7 FCPATH\index.php(56): CodeIgniter\Boot::bootWeb(Object(Config\Paths))
 8 SYSTEMPATH\Commands\Server\rewrite.php(49): require_once('C:\\xampp\\htdocs\\perpusatakaan_CI4\\public\\index.php')
CRITICAL - 2024-05-27 01:28:23 --> CodeIgniter\HTTP\Exceptions\BadRequestException: The URI you submitted has disallowed characters: "swiper@7"
[Method: GET, Route: https:/unpkg.com/swiper@7/swiper-bundle.min.css]
in SYSTEMPATH\Router\Router.php on line 736.
 1 SYSTEMPATH\Router\Router.php(203): CodeIgniter\Router\Router->checkDisallowedChars('https:/unpkg.com/swiper@7/swiper-bundle.min.css')
 2 SYSTEMPATH\CodeIgniter.php(834): CodeIgniter\Router\Router->handle('https:/unpkg.com/swiper@7/swiper-bundle.min.css')
 3 SYSTEMPATH\CodeIgniter.php(457): CodeIgniter\CodeIgniter->tryToRouteIt(Object(CodeIgniter\Router\RouteCollection))
 4 SYSTEMPATH\CodeIgniter.php(355): CodeIgniter\CodeIgniter->handleRequest(null, Object(Config\Cache), false)
 5 SYSTEMPATH\Boot.php(312): CodeIgniter\CodeIgniter->run()
 6 SYSTEMPATH\Boot.php(67): CodeIgniter\Boot::runCodeIgniter(Object(CodeIgniter\CodeIgniter))
 7 FCPATH\index.php(56): CodeIgniter\Boot::bootWeb(Object(Config\Paths))
 8 SYSTEMPATH\Commands\Server\rewrite.php(49): require_once('C:\\xampp\\htdocs\\perpusatakaan_CI4\\public\\index.php')
CRITICAL - 2024-05-27 01:28:54 --> CodeIgniter\HTTP\Exceptions\BadRequestException: The URI you submitted has disallowed characters: "swiper@7"
[Method: GET, Route: https:/unpkg.com/swiper@7/swiper-bundle.min.css]
in SYSTEMPATH\Router\Router.php on line 736.
 1 SYSTEMPATH\Router\Router.php(203): CodeIgniter\Router\Router->checkDisallowedChars('https:/unpkg.com/swiper@7/swiper-bundle.min.css')
 2 SYSTEMPATH\CodeIgniter.php(834): CodeIgniter\Router\Router->handle('https:/unpkg.com/swiper@7/swiper-bundle.min.css')
 3 SYSTEMPATH\CodeIgniter.php(457): CodeIgniter\CodeIgniter->tryToRouteIt(Object(CodeIgniter\Router\RouteCollection))
 4 SYSTEMPATH\CodeIgniter.php(355): CodeIgniter\CodeIgniter->handleRequest(null, Object(Config\Cache), false)
 5 SYSTEMPATH\Boot.php(312): CodeIgniter\CodeIgniter->run()
 6 SYSTEMPATH\Boot.php(67): CodeIgniter\Boot::runCodeIgniter(Object(CodeIgniter\CodeIgniter))
 7 FCPATH\index.php(56): CodeIgniter\Boot::bootWeb(Object(Config\Paths))
 8 SYSTEMPATH\Commands\Server\rewrite.php(49): require_once('C:\\xampp\\htdocs\\perpusatakaan_CI4\\public\\index.php')
CRITICAL - 2024-05-27 01:28:59 --> CodeIgniter\HTTP\Exceptions\BadRequestException: The URI you submitted has disallowed characters: "swiper@7"
[Method: GET, Route: https:/unpkg.com/swiper@7/swiper-bundle.min.css]
in SYSTEMPATH\Router\Router.php on line 736.
 1 SYSTEMPATH\Router\Router.php(203): CodeIgniter\Router\Router->checkDisallowedChars('https:/unpkg.com/swiper@7/swiper-bundle.min.css')
 2 SYSTEMPATH\CodeIgniter.php(834): CodeIgniter\Router\Router->handle('https:/unpkg.com/swiper@7/swiper-bundle.min.css')
 3 SYSTEMPATH\CodeIgniter.php(457): CodeIgniter\CodeIgniter->tryToRouteIt(Object(CodeIgniter\Router\RouteCollection))
 4 SYSTEMPATH\CodeIgniter.php(355): CodeIgniter\CodeIgniter->handleRequest(null, Object(Config\Cache), false)
 5 SYSTEMPATH\Boot.php(312): CodeIgniter\CodeIgniter->run()
 6 SYSTEMPATH\Boot.php(67): CodeIgniter\Boot::runCodeIgniter(Object(CodeIgniter\CodeIgniter))
 7 FCPATH\index.php(56): CodeIgniter\Boot::bootWeb(Object(Config\Paths))
 8 SYSTEMPATH\Commands\Server\rewrite.php(49): require_once('C:\\xampp\\htdocs\\perpusatakaan_CI4\\public\\index.php')
CRITICAL - 2024-05-27 01:29:01 --> CodeIgniter\HTTP\Exceptions\BadRequestException: The URI you submitted has disallowed characters: "swiper@7"
[Method: GET, Route: https:/unpkg.com/swiper@7/swiper-bundle.min.css]
in SYSTEMPATH\Router\Router.php on line 736.
 1 SYSTEMPATH\Router\Router.php(203): CodeIgniter\Router\Router->checkDisallowedChars('https:/unpkg.com/swiper@7/swiper-bundle.min.css')
 2 SYSTEMPATH\CodeIgniter.php(834): CodeIgniter\Router\Router->handle('https:/unpkg.com/swiper@7/swiper-bundle.min.css')
 3 SYSTEMPATH\CodeIgniter.php(457): CodeIgniter\CodeIgniter->tryToRouteIt(Object(CodeIgniter\Router\RouteCollection))
 4 SYSTEMPATH\CodeIgniter.php(355): CodeIgniter\CodeIgniter->handleRequest(null, Object(Config\Cache), false)
 5 SYSTEMPATH\Boot.php(312): CodeIgniter\CodeIgniter->run()
 6 SYSTEMPATH\Boot.php(67): CodeIgniter\Boot::runCodeIgniter(Object(CodeIgniter\CodeIgniter))
 7 FCPATH\index.php(56): CodeIgniter\Boot::bootWeb(Object(Config\Paths))
 8 SYSTEMPATH\Commands\Server\rewrite.php(49): require_once('C:\\xampp\\htdocs\\perpusatakaan_CI4\\public\\index.php')
CRITICAL - 2024-05-27 01:29:07 --> CodeIgniter\HTTP\Exceptions\BadRequestException: The URI you submitted has disallowed characters: "swiper@7"
[Method: GET, Route: https:/unpkg.com/swiper@7/swiper-bundle.min.css]
in SYSTEMPATH\Router\Router.php on line 736.
 1 SYSTEMPATH\Router\Router.php(203): CodeIgniter\Router\Router->checkDisallowedChars('https:/unpkg.com/swiper@7/swiper-bundle.min.css')
 2 SYSTEMPATH\CodeIgniter.php(834): CodeIgniter\Router\Router->handle('https:/unpkg.com/swiper@7/swiper-bundle.min.css')
 3 SYSTEMPATH\CodeIgniter.php(457): CodeIgniter\CodeIgniter->tryToRouteIt(Object(CodeIgniter\Router\RouteCollection))
 4 SYSTEMPATH\CodeIgniter.php(355): CodeIgniter\CodeIgniter->handleRequest(null, Object(Config\Cache), false)
 5 SYSTEMPATH\Boot.php(312): CodeIgniter\CodeIgniter->run()
 6 SYSTEMPATH\Boot.php(67): CodeIgniter\Boot::runCodeIgniter(Object(CodeIgniter\CodeIgniter))
 7 FCPATH\index.php(56): CodeIgniter\Boot::bootWeb(Object(Config\Paths))
 8 SYSTEMPATH\Commands\Server\rewrite.php(49): require_once('C:\\xampp\\htdocs\\perpusatakaan_CI4\\public\\index.php')
CRITICAL - 2024-05-27 01:29:12 --> CodeIgniter\HTTP\Exceptions\BadRequestException: The URI you submitted has disallowed characters: "swiper@7"
[Method: GET, Route: https:/unpkg.com/swiper@7/swiper-bundle.min.css]
in SYSTEMPATH\Router\Router.php on line 736.
 1 SYSTEMPATH\Router\Router.php(203): CodeIgniter\Router\Router->checkDisallowedChars('https:/unpkg.com/swiper@7/swiper-bundle.min.css')
 2 SYSTEMPATH\CodeIgniter.php(834): CodeIgniter\Router\Router->handle('https:/unpkg.com/swiper@7/swiper-bundle.min.css')
 3 SYSTEMPATH\CodeIgniter.php(457): CodeIgniter\CodeIgniter->tryToRouteIt(Object(CodeIgniter\Router\RouteCollection))
 4 SYSTEMPATH\CodeIgniter.php(355): CodeIgniter\CodeIgniter->handleRequest(null, Object(Config\Cache), false)
 5 SYSTEMPATH\Boot.php(312): CodeIgniter\CodeIgniter->run()
 6 SYSTEMPATH\Boot.php(67): CodeIgniter\Boot::runCodeIgniter(Object(CodeIgniter\CodeIgniter))
 7 FCPATH\index.php(56): CodeIgniter\Boot::bootWeb(Object(Config\Paths))
 8 SYSTEMPATH\Commands\Server\rewrite.php(49): require_once('C:\\xampp\\htdocs\\perpusatakaan_CI4\\public\\index.php')
CRITICAL - 2024-05-27 01:29:22 --> CodeIgniter\HTTP\Exceptions\BadRequestException: The URI you submitted has disallowed characters: "swiper@7"
[Method: GET, Route: https:/unpkg.com/swiper@7/swiper-bundle.min.css]
in SYSTEMPATH\Router\Router.php on line 736.
 1 SYSTEMPATH\Router\Router.php(203): CodeIgniter\Router\Router->checkDisallowedChars('https:/unpkg.com/swiper@7/swiper-bundle.min.css')
 2 SYSTEMPATH\CodeIgniter.php(834): CodeIgniter\Router\Router->handle('https:/unpkg.com/swiper@7/swiper-bundle.min.css')
 3 SYSTEMPATH\CodeIgniter.php(457): CodeIgniter\CodeIgniter->tryToRouteIt(Object(CodeIgniter\Router\RouteCollection))
 4 SYSTEMPATH\CodeIgniter.php(355): CodeIgniter\CodeIgniter->handleRequest(null, Object(Config\Cache), false)
 5 SYSTEMPATH\Boot.php(312): CodeIgniter\CodeIgniter->run()
 6 SYSTEMPATH\Boot.php(67): CodeIgniter\Boot::runCodeIgniter(Object(CodeIgniter\CodeIgniter))
 7 FCPATH\index.php(56): CodeIgniter\Boot::bootWeb(Object(Config\Paths))
 8 SYSTEMPATH\Commands\Server\rewrite.php(49): require_once('C:\\xampp\\htdocs\\perpusatakaan_CI4\\public\\index.php')
CRITICAL - 2024-05-27 01:29:56 --> CodeIgniter\HTTP\Exceptions\BadRequestException: The URI you submitted has disallowed characters: "swiper@7"
[Method: GET, Route: https:/unpkg.com/swiper@7/swiper-bundle.min.css]
in SYSTEMPATH\Router\Router.php on line 736.
 1 SYSTEMPATH\Router\Router.php(203): CodeIgniter\Router\Router->checkDisallowedChars('https:/unpkg.com/swiper@7/swiper-bundle.min.css')
 2 SYSTEMPATH\CodeIgniter.php(834): CodeIgniter\Router\Router->handle('https:/unpkg.com/swiper@7/swiper-bundle.min.css')
 3 SYSTEMPATH\CodeIgniter.php(457): CodeIgniter\CodeIgniter->tryToRouteIt(Object(CodeIgniter\Router\RouteCollection))
 4 SYSTEMPATH\CodeIgniter.php(355): CodeIgniter\CodeIgniter->handleRequest(null, Object(Config\Cache), false)
 5 SYSTEMPATH\Boot.php(312): CodeIgniter\CodeIgniter->run()
 6 SYSTEMPATH\Boot.php(67): CodeIgniter\Boot::runCodeIgniter(Object(CodeIgniter\CodeIgniter))
 7 FCPATH\index.php(56): CodeIgniter\Boot::bootWeb(Object(Config\Paths))
 8 SYSTEMPATH\Commands\Server\rewrite.php(49): require_once('C:\\xampp\\htdocs\\perpusatakaan_CI4\\public\\index.php')
ERROR - 2024-05-27 01:30:10 --> Error connecting to the database: mysqli_sql_exception: Access denied for user 'root'@'localhost' (using password: YES) in C:\xampp\htdocs\perpusatakaan_CI4\system\Database\MySQLi\Connection.php:187
Stack trace:
#0 C:\xampp\htdocs\perpusatakaan_CI4\system\Database\MySQLi\Connection.php(187): mysqli->real_connect('127.0.0.1', 'root', 'root', 'perpustakaan', 3306, '', 0)
#1 C:\xampp\htdocs\perpusatakaan_CI4\system\Database\BaseConnection.php(421): CodeIgniter\Database\MySQLi\Connection->connect(false)
#2 C:\xampp\htdocs\perpusatakaan_CI4\system\Database\BaseConnection.php(604): CodeIgniter\Database\BaseConnection->initialize()
#3 C:\xampp\htdocs\perpusatakaan_CI4\system\Database\BaseBuilder.php(1629): CodeIgniter\Database\BaseConnection->query('SELECT *\nFROM `...', Array, false)
#4 C:\xampp\htdocs\perpusatakaan_CI4\system\Model.php(275): CodeIgniter\Database\BaseBuilder->get()
#5 C:\xampp\htdocs\perpusatakaan_CI4\system\BaseModel.php(676): CodeIgniter\Model->doFindAll(0, 0)
#6 C:\xampp\htdocs\perpusatakaan_CI4\app\Controllers\Daftar.php(16): CodeIgniter\BaseModel->findAll()
#7 C:\xampp\htdocs\perpusatakaan_CI4\system\CodeIgniter.php(933): App\Controllers\Daftar->daftar()
#8 C:\xampp\htdocs\perpusatakaan_CI4\system\CodeIgniter.php(509): CodeIgniter\CodeIgniter->runController(Object(App\Controllers\Daftar))
#9 C:\xampp\htdocs\perpusatakaan_CI4\system\CodeIgniter.php(355): CodeIgniter\CodeIgniter->handleRequest(NULL, Object(Config\Cache), false)
#10 C:\xampp\htdocs\perpusatakaan_CI4\system\Boot.php(312): CodeIgniter\CodeIgniter->run()
#11 C:\xampp\htdocs\perpusatakaan_CI4\system\Boot.php(67): CodeIgniter\Boot::runCodeIgniter(Object(CodeIgniter\CodeIgniter))
#12 C:\xampp\htdocs\perpusatakaan_CI4\public\index.php(56): CodeIgniter\Boot::bootWeb(Object(Config\Paths))
#13 C:\xampp\htdocs\perpusatakaan_CI4\system\Commands\Server\rewrite.php(49): require_once('C:\\xampp\\htdocs...')
#14 {main}

Next CodeIgniter\Database\Exceptions\DatabaseException: Access denied for user '****'@'localhost' (using password: YES) in C:\xampp\htdocs\perpusatakaan_CI4\system\Database\MySQLi\Connection.php:231
Stack trace:
#0 C:\xampp\htdocs\perpusatakaan_CI4\system\Database\BaseConnection.php(421): CodeIgniter\Database\MySQLi\Connection->connect(false)
#1 C:\xampp\htdocs\perpusatakaan_CI4\system\Database\BaseConnection.php(604): CodeIgniter\Database\BaseConnection->initialize()
#2 C:\xampp\htdocs\perpusatakaan_CI4\system\Database\BaseBuilder.php(1629): CodeIgniter\Database\BaseConnection->query('SELECT *\nFROM `...', Array, false)
#3 C:\xampp\htdocs\perpusatakaan_CI4\system\Model.php(275): CodeIgniter\Database\BaseBuilder->get()
#4 C:\xampp\htdocs\perpusatakaan_CI4\system\BaseModel.php(676): CodeIgniter\Model->doFindAll(0, 0)
#5 C:\xampp\htdocs\perpusatakaan_CI4\app\Controllers\Daftar.php(16): CodeIgniter\BaseModel->findAll()
#6 C:\xampp\htdocs\perpusatakaan_CI4\system\CodeIgniter.php(933): App\Controllers\Daftar->daftar()
#7 C:\xampp\htdocs\perpusatakaan_CI4\system\CodeIgniter.php(509): CodeIgniter\CodeIgniter->runController(Object(App\Controllers\Daftar))
#8 C:\xampp\htdocs\perpusatakaan_CI4\system\CodeIgniter.php(355): CodeIgniter\CodeIgniter->handleRequest(NULL, Object(Config\Cache), false)
#9 C:\xampp\htdocs\perpusatakaan_CI4\system\Boot.php(312): CodeIgniter\CodeIgniter->run()
#10 C:\xampp\htdocs\perpusatakaan_CI4\system\Boot.php(67): CodeIgniter\Boot::runCodeIgniter(Object(CodeIgniter\CodeIgniter))
#11 C:\xampp\htdocs\perpusatakaan_CI4\public\index.php(56): CodeIgniter\Boot::bootWeb(Object(Config\Paths))
#12 C:\xampp\htdocs\perpusatakaan_CI4\system\Commands\Server\rewrite.php(49): require_once('C:\\xampp\\htdocs...')
#13 {main}
CRITICAL - 2024-05-27 01:30:10 --> CodeIgniter\Database\Exceptions\DatabaseException: Unable to connect to the database.
Main connection [MySQLi]: Access denied for user '****'@'localhost' (using password: YES)
[Method: GET, Route: daftar]
in SYSTEMPATH\Database\BaseConnection.php on line 457.
 1 SYSTEMPATH\Database\BaseConnection.php(604): CodeIgniter\Database\BaseConnection->initialize()
 2 SYSTEMPATH\Database\BaseBuilder.php(1629): CodeIgniter\Database\BaseConnection->query('SELECT *
FROM `tb_user`', [], false)
 3 SYSTEMPATH\Model.php(275): CodeIgniter\Database\BaseBuilder->get()
 4 SYSTEMPATH\BaseModel.php(676): CodeIgniter\Model->doFindAll(0, 0)
 5 APPPATH\Controllers\Daftar.php(16): CodeIgniter\BaseModel->findAll()
 6 SYSTEMPATH\CodeIgniter.php(933): App\Controllers\Daftar->daftar()
 7 SYSTEMPATH\CodeIgniter.php(509): CodeIgniter\CodeIgniter->runController(Object(App\Controllers\Daftar))
 8 SYSTEMPATH\CodeIgniter.php(355): CodeIgniter\CodeIgniter->handleRequest(null, Object(Config\Cache), false)
 9 SYSTEMPATH\Boot.php(312): CodeIgniter\CodeIgniter->run()
10 SYSTEMPATH\Boot.php(67): CodeIgniter\Boot::runCodeIgniter(Object(CodeIgniter\CodeIgniter))
11 FCPATH\index.php(56): CodeIgniter\Boot::bootWeb(Object(Config\Paths))
12 SYSTEMPATH\Commands\Server\rewrite.php(49): require_once('C:\\xampp\\htdocs\\perpusatakaan_CI4\\public\\index.php')
CRITICAL - 2024-05-27 01:30:27 --> CodeIgniter\HTTP\Exceptions\BadRequestException: The URI you submitted has disallowed characters: "swiper@7"
[Method: GET, Route: https:/unpkg.com/swiper@7/swiper-bundle.min.css]
in SYSTEMPATH\Router\Router.php on line 736.
 1 SYSTEMPATH\Router\Router.php(203): CodeIgniter\Router\Router->checkDisallowedChars('https:/unpkg.com/swiper@7/swiper-bundle.min.css')
 2 SYSTEMPATH\CodeIgniter.php(834): CodeIgniter\Router\Router->handle('https:/unpkg.com/swiper@7/swiper-bundle.min.css')
 3 SYSTEMPATH\CodeIgniter.php(457): CodeIgniter\CodeIgniter->tryToRouteIt(Object(CodeIgniter\Router\RouteCollection))
 4 SYSTEMPATH\CodeIgniter.php(355): CodeIgniter\CodeIgniter->handleRequest(null, Object(Config\Cache), false)
 5 SYSTEMPATH\Boot.php(312): CodeIgniter\CodeIgniter->run()
 6 SYSTEMPATH\Boot.php(67): CodeIgniter\Boot::runCodeIgniter(Object(CodeIgniter\CodeIgniter))
 7 FCPATH\index.php(56): CodeIgniter\Boot::bootWeb(Object(Config\Paths))
 8 SYSTEMPATH\Commands\Server\rewrite.php(49): require_once('C:\\xampp\\htdocs\\perpusatakaan_CI4\\public\\index.php')
CRITICAL - 2024-05-27 01:45:21 --> CodeIgniter\HTTP\Exceptions\BadRequestException: The URI you submitted has disallowed characters: "swiper@7"
[Method: GET, Route: https:/unpkg.com/swiper@7/swiper-bundle.min.css]
in SYSTEMPATH\Router\Router.php on line 736.
 1 SYSTEMPATH\Router\Router.php(203): CodeIgniter\Router\Router->checkDisallowedChars('https:/unpkg.com/swiper@7/swiper-bundle.min.css')
 2 SYSTEMPATH\CodeIgniter.php(834): CodeIgniter\Router\Router->handle('https:/unpkg.com/swiper@7/swiper-bundle.min.css')
 3 SYSTEMPATH\CodeIgniter.php(457): CodeIgniter\CodeIgniter->tryToRouteIt(Object(CodeIgniter\Router\RouteCollection))
 4 SYSTEMPATH\CodeIgniter.php(355): CodeIgniter\CodeIgniter->handleRequest(null, Object(Config\Cache), false)
 5 SYSTEMPATH\Boot.php(312): CodeIgniter\CodeIgniter->run()
 6 SYSTEMPATH\Boot.php(67): CodeIgniter\Boot::runCodeIgniter(Object(CodeIgniter\CodeIgniter))
 7 FCPATH\index.php(56): CodeIgniter\Boot::bootWeb(Object(Config\Paths))
 8 SYSTEMPATH\Commands\Server\rewrite.php(49): require_once('C:\\xampp\\htdocs\\perpusatakaan_CI4\\public\\index.php')
CRITICAL - 2024-05-27 01:45:34 --> CodeIgniter\HTTP\Exceptions\BadRequestException: The URI you submitted has disallowed characters: "swiper@7"
[Method: GET, Route: https:/unpkg.com/swiper@7/swiper-bundle.min.css]
in SYSTEMPATH\Router\Router.php on line 736.
 1 SYSTEMPATH\Router\Router.php(203): CodeIgniter\Router\Router->checkDisallowedChars('https:/unpkg.com/swiper@7/swiper-bundle.min.css')
 2 SYSTEMPATH\CodeIgniter.php(834): CodeIgniter\Router\Router->handle('https:/unpkg.com/swiper@7/swiper-bundle.min.css')
 3 SYSTEMPATH\CodeIgniter.php(457): CodeIgniter\CodeIgniter->tryToRouteIt(Object(CodeIgniter\Router\RouteCollection))
 4 SYSTEMPATH\CodeIgniter.php(355): CodeIgniter\CodeIgniter->handleRequest(null, Object(Config\Cache), false)
 5 SYSTEMPATH\Boot.php(312): CodeIgniter\CodeIgniter->run()
 6 SYSTEMPATH\Boot.php(67): CodeIgniter\Boot::runCodeIgniter(Object(CodeIgniter\CodeIgniter))
 7 FCPATH\index.php(56): CodeIgniter\Boot::bootWeb(Object(Config\Paths))
 8 SYSTEMPATH\Commands\Server\rewrite.php(49): require_once('C:\\xampp\\htdocs\\perpusatakaan_CI4\\public\\index.php')
CRITICAL - 2024-05-27 01:47:05 --> CodeIgniter\HTTP\Exceptions\BadRequestException: The URI you submitted has disallowed characters: "swiper@7"
[Method: GET, Route: https:/unpkg.com/swiper@7/swiper-bundle.min.css]
in SYSTEMPATH\Router\Router.php on line 736.
 1 SYSTEMPATH\Router\Router.php(203): CodeIgniter\Router\Router->checkDisallowedChars('https:/unpkg.com/swiper@7/swiper-bundle.min.css')
 2 SYSTEMPATH\CodeIgniter.php(834): CodeIgniter\Router\Router->handle('https:/unpkg.com/swiper@7/swiper-bundle.min.css')
 3 SYSTEMPATH\CodeIgniter.php(457): CodeIgniter\CodeIgniter->tryToRouteIt(Object(CodeIgniter\Router\RouteCollection))
 4 SYSTEMPATH\CodeIgniter.php(355): CodeIgniter\CodeIgniter->handleRequest(null, Object(Config\Cache), false)
 5 SYSTEMPATH\Boot.php(312): CodeIgniter\CodeIgniter->run()
 6 SYSTEMPATH\Boot.php(67): CodeIgniter\Boot::runCodeIgniter(Object(CodeIgniter\CodeIgniter))
 7 FCPATH\index.php(56): CodeIgniter\Boot::bootWeb(Object(Config\Paths))
 8 SYSTEMPATH\Commands\Server\rewrite.php(49): require_once('C:\\xampp\\htdocs\\perpusatakaan_CI4\\public\\index.php')
CRITICAL - 2024-05-27 01:47:48 --> CodeIgniter\HTTP\Exceptions\BadRequestException: The URI you submitted has disallowed characters: "swiper@7"
[Method: GET, Route: https:/unpkg.com/swiper@7/swiper-bundle.min.css]
in SYSTEMPATH\Router\Router.php on line 736.
 1 SYSTEMPATH\Router\Router.php(203): CodeIgniter\Router\Router->checkDisallowedChars('https:/unpkg.com/swiper@7/swiper-bundle.min.css')
 2 SYSTEMPATH\CodeIgniter.php(834): CodeIgniter\Router\Router->handle('https:/unpkg.com/swiper@7/swiper-bundle.min.css')
 3 SYSTEMPATH\CodeIgniter.php(457): CodeIgniter\CodeIgniter->tryToRouteIt(Object(CodeIgniter\Router\RouteCollection))
 4 SYSTEMPATH\CodeIgniter.php(355): CodeIgniter\CodeIgniter->handleRequest(null, Object(Config\Cache), false)
 5 SYSTEMPATH\Boot.php(312): CodeIgniter\CodeIgniter->run()
 6 SYSTEMPATH\Boot.php(67): CodeIgniter\Boot::runCodeIgniter(Object(CodeIgniter\CodeIgniter))
 7 FCPATH\index.php(56): CodeIgniter\Boot::bootWeb(Object(Config\Paths))
 8 SYSTEMPATH\Commands\Server\rewrite.php(49): require_once('C:\\xampp\\htdocs\\perpusatakaan_CI4\\public\\index.php')
CRITICAL - 2024-05-27 01:47:59 --> CodeIgniter\HTTP\Exceptions\BadRequestException: The URI you submitted has disallowed characters: "swiper@7"
[Method: GET, Route: https:/unpkg.com/swiper@7/swiper-bundle.min.css]
in SYSTEMPATH\Router\Router.php on line 736.
 1 SYSTEMPATH\Router\Router.php(203): CodeIgniter\Router\Router->checkDisallowedChars('https:/unpkg.com/swiper@7/swiper-bundle.min.css')
 2 SYSTEMPATH\CodeIgniter.php(834): CodeIgniter\Router\Router->handle('https:/unpkg.com/swiper@7/swiper-bundle.min.css')
 3 SYSTEMPATH\CodeIgniter.php(457): CodeIgniter\CodeIgniter->tryToRouteIt(Object(CodeIgniter\Router\RouteCollection))
 4 SYSTEMPATH\CodeIgniter.php(355): CodeIgniter\CodeIgniter->handleRequest(null, Object(Config\Cache), false)
 5 SYSTEMPATH\Boot.php(312): CodeIgniter\CodeIgniter->run()
 6 SYSTEMPATH\Boot.php(67): CodeIgniter\Boot::runCodeIgniter(Object(CodeIgniter\CodeIgniter))
 7 FCPATH\index.php(56): CodeIgniter\Boot::bootWeb(Object(Config\Paths))
 8 SYSTEMPATH\Commands\Server\rewrite.php(49): require_once('C:\\xampp\\htdocs\\perpusatakaan_CI4\\public\\index.php')
CRITICAL - 2024-05-27 01:48:09 --> CodeIgniter\HTTP\Exceptions\BadRequestException: The URI you submitted has disallowed characters: "swiper@7"
[Method: GET, Route: https:/unpkg.com/swiper@7/swiper-bundle.min.css]
in SYSTEMPATH\Router\Router.php on line 736.
 1 SYSTEMPATH\Router\Router.php(203): CodeIgniter\Router\Router->checkDisallowedChars('https:/unpkg.com/swiper@7/swiper-bundle.min.css')
 2 SYSTEMPATH\CodeIgniter.php(834): CodeIgniter\Router\Router->handle('https:/unpkg.com/swiper@7/swiper-bundle.min.css')
 3 SYSTEMPATH\CodeIgniter.php(457): CodeIgniter\CodeIgniter->tryToRouteIt(Object(CodeIgniter\Router\RouteCollection))
 4 SYSTEMPATH\CodeIgniter.php(355): CodeIgniter\CodeIgniter->handleRequest(null, Object(Config\Cache), false)
 5 SYSTEMPATH\Boot.php(312): CodeIgniter\CodeIgniter->run()
 6 SYSTEMPATH\Boot.php(67): CodeIgniter\Boot::runCodeIgniter(Object(CodeIgniter\CodeIgniter))
 7 FCPATH\index.php(56): CodeIgniter\Boot::bootWeb(Object(Config\Paths))
 8 SYSTEMPATH\Commands\Server\rewrite.php(49): require_once('C:\\xampp\\htdocs\\perpusatakaan_CI4\\public\\index.php')
CRITICAL - 2024-05-27 01:48:11 --> CodeIgniter\HTTP\Exceptions\BadRequestException: The URI you submitted has disallowed characters: "swiper@7"
[Method: GET, Route: https:/unpkg.com/swiper@7/swiper-bundle.min.css]
in SYSTEMPATH\Router\Router.php on line 736.
 1 SYSTEMPATH\Router\Router.php(203): CodeIgniter\Router\Router->checkDisallowedChars('https:/unpkg.com/swiper@7/swiper-bundle.min.css')
 2 SYSTEMPATH\CodeIgniter.php(834): CodeIgniter\Router\Router->handle('https:/unpkg.com/swiper@7/swiper-bundle.min.css')
 3 SYSTEMPATH\CodeIgniter.php(457): CodeIgniter\CodeIgniter->tryToRouteIt(Object(CodeIgniter\Router\RouteCollection))
 4 SYSTEMPATH\CodeIgniter.php(355): CodeIgniter\CodeIgniter->handleRequest(null, Object(Config\Cache), false)
 5 SYSTEMPATH\Boot.php(312): CodeIgniter\CodeIgniter->run()
 6 SYSTEMPATH\Boot.php(67): CodeIgniter\Boot::runCodeIgniter(Object(CodeIgniter\CodeIgniter))
 7 FCPATH\index.php(56): CodeIgniter\Boot::bootWeb(Object(Config\Paths))
 8 SYSTEMPATH\Commands\Server\rewrite.php(49): require_once('C:\\xampp\\htdocs\\perpusatakaan_CI4\\public\\index.php')
CRITICAL - 2024-05-27 01:48:13 --> CodeIgniter\HTTP\Exceptions\BadRequestException: The URI you submitted has disallowed characters: "swiper@7"
[Method: GET, Route: https:/unpkg.com/swiper@7/swiper-bundle.min.css]
in SYSTEMPATH\Router\Router.php on line 736.
 1 SYSTEMPATH\Router\Router.php(203): CodeIgniter\Router\Router->checkDisallowedChars('https:/unpkg.com/swiper@7/swiper-bundle.min.css')
 2 SYSTEMPATH\CodeIgniter.php(834): CodeIgniter\Router\Router->handle('https:/unpkg.com/swiper@7/swiper-bundle.min.css')
 3 SYSTEMPATH\CodeIgniter.php(457): CodeIgniter\CodeIgniter->tryToRouteIt(Object(CodeIgniter\Router\RouteCollection))
 4 SYSTEMPATH\CodeIgniter.php(355): CodeIgniter\CodeIgniter->handleRequest(null, Object(Config\Cache), false)
 5 SYSTEMPATH\Boot.php(312): CodeIgniter\CodeIgniter->run()
 6 SYSTEMPATH\Boot.php(67): CodeIgniter\Boot::runCodeIgniter(Object(CodeIgniter\CodeIgniter))
 7 FCPATH\index.php(56): CodeIgniter\Boot::bootWeb(Object(Config\Paths))
 8 SYSTEMPATH\Commands\Server\rewrite.php(49): require_once('C:\\xampp\\htdocs\\perpusatakaan_CI4\\public\\index.php')
CRITICAL - 2024-05-27 01:48:41 --> CodeIgniter\HTTP\Exceptions\BadRequestException: The URI you submitted has disallowed characters: "swiper@7"
[Method: GET, Route: https:/unpkg.com/swiper@7/swiper-bundle.min.css]
in SYSTEMPATH\Router\Router.php on line 736.
 1 SYSTEMPATH\Router\Router.php(203): CodeIgniter\Router\Router->checkDisallowedChars('https:/unpkg.com/swiper@7/swiper-bundle.min.css')
 2 SYSTEMPATH\CodeIgniter.php(834): CodeIgniter\Router\Router->handle('https:/unpkg.com/swiper@7/swiper-bundle.min.css')
 3 SYSTEMPATH\CodeIgniter.php(457): CodeIgniter\CodeIgniter->tryToRouteIt(Object(CodeIgniter\Router\RouteCollection))
 4 SYSTEMPATH\CodeIgniter.php(355): CodeIgniter\CodeIgniter->handleRequest(null, Object(Config\Cache), false)
 5 SYSTEMPATH\Boot.php(312): CodeIgniter\CodeIgniter->run()
 6 SYSTEMPATH\Boot.php(67): CodeIgniter\Boot::runCodeIgniter(Object(CodeIgniter\CodeIgniter))
 7 FCPATH\index.php(56): CodeIgniter\Boot::bootWeb(Object(Config\Paths))
 8 SYSTEMPATH\Commands\Server\rewrite.php(49): require_once('C:\\xampp\\htdocs\\perpusatakaan_CI4\\public\\index.php')
CRITICAL - 2024-05-27 01:48:43 --> CodeIgniter\HTTP\Exceptions\BadRequestException: The URI you submitted has disallowed characters: "swiper@7"
[Method: GET, Route: https:/unpkg.com/swiper@7/swiper-bundle.min.css]
in SYSTEMPATH\Router\Router.php on line 736.
 1 SYSTEMPATH\Router\Router.php(203): CodeIgniter\Router\Router->checkDisallowedChars('https:/unpkg.com/swiper@7/swiper-bundle.min.css')
 2 SYSTEMPATH\CodeIgniter.php(834): CodeIgniter\Router\Router->handle('https:/unpkg.com/swiper@7/swiper-bundle.min.css')
 3 SYSTEMPATH\CodeIgniter.php(457): CodeIgniter\CodeIgniter->tryToRouteIt(Object(CodeIgniter\Router\RouteCollection))
 4 SYSTEMPATH\CodeIgniter.php(355): CodeIgniter\CodeIgniter->handleRequest(null, Object(Config\Cache), false)
 5 SYSTEMPATH\Boot.php(312): CodeIgniter\CodeIgniter->run()
 6 SYSTEMPATH\Boot.php(67): CodeIgniter\Boot::runCodeIgniter(Object(CodeIgniter\CodeIgniter))
 7 FCPATH\index.php(56): CodeIgniter\Boot::bootWeb(Object(Config\Paths))
 8 SYSTEMPATH\Commands\Server\rewrite.php(49): require_once('C:\\xampp\\htdocs\\perpusatakaan_CI4\\public\\index.php')
CRITICAL - 2024-05-27 01:49:20 --> CodeIgniter\HTTP\Exceptions\BadRequestException: The URI you submitted has disallowed characters: "swiper@7"
[Method: GET, Route: https:/unpkg.com/swiper@7/swiper-bundle.min.css]
in SYSTEMPATH\Router\Router.php on line 736.
 1 SYSTEMPATH\Router\Router.php(203): CodeIgniter\Router\Router->checkDisallowedChars('https:/unpkg.com/swiper@7/swiper-bundle.min.css')
 2 SYSTEMPATH\CodeIgniter.php(834): CodeIgniter\Router\Router->handle('https:/unpkg.com/swiper@7/swiper-bundle.min.css')
 3 SYSTEMPATH\CodeIgniter.php(457): CodeIgniter\CodeIgniter->tryToRouteIt(Object(CodeIgniter\Router\RouteCollection))
 4 SYSTEMPATH\CodeIgniter.php(355): CodeIgniter\CodeIgniter->handleRequest(null, Object(Config\Cache), false)
 5 SYSTEMPATH\Boot.php(312): CodeIgniter\CodeIgniter->run()
 6 SYSTEMPATH\Boot.php(67): CodeIgniter\Boot::runCodeIgniter(Object(CodeIgniter\CodeIgniter))
 7 FCPATH\index.php(56): CodeIgniter\Boot::bootWeb(Object(Config\Paths))
 8 SYSTEMPATH\Commands\Server\rewrite.php(49): require_once('C:\\xampp\\htdocs\\perpusatakaan_CI4\\public\\index.php')
CRITICAL - 2024-05-27 01:49:44 --> CodeIgniter\HTTP\Exceptions\BadRequestException: The URI you submitted has disallowed characters: "swiper@7"
[Method: GET, Route: https:/unpkg.com/swiper@7/swiper-bundle.min.css]
in SYSTEMPATH\Router\Router.php on line 736.
 1 SYSTEMPATH\Router\Router.php(203): CodeIgniter\Router\Router->checkDisallowedChars('https:/unpkg.com/swiper@7/swiper-bundle.min.css')
 2 SYSTEMPATH\CodeIgniter.php(834): CodeIgniter\Router\Router->handle('https:/unpkg.com/swiper@7/swiper-bundle.min.css')
 3 SYSTEMPATH\CodeIgniter.php(457): CodeIgniter\CodeIgniter->tryToRouteIt(Object(CodeIgniter\Router\RouteCollection))
 4 SYSTEMPATH\CodeIgniter.php(355): CodeIgniter\CodeIgniter->handleRequest(null, Object(Config\Cache), false)
 5 SYSTEMPATH\Boot.php(312): CodeIgniter\CodeIgniter->run()
 6 SYSTEMPATH\Boot.php(67): CodeIgniter\Boot::runCodeIgniter(Object(CodeIgniter\CodeIgniter))
 7 FCPATH\index.php(56): CodeIgniter\Boot::bootWeb(Object(Config\Paths))
 8 SYSTEMPATH\Commands\Server\rewrite.php(49): require_once('C:\\xampp\\htdocs\\perpusatakaan_CI4\\public\\index.php')
CRITICAL - 2024-05-27 01:50:17 --> CodeIgniter\HTTP\Exceptions\BadRequestException: The URI you submitted has disallowed characters: "swiper@7"
[Method: GET, Route: https:/unpkg.com/swiper@7/swiper-bundle.min.css]
in SYSTEMPATH\Router\Router.php on line 736.
 1 SYSTEMPATH\Router\Router.php(203): CodeIgniter\Router\Router->checkDisallowedChars('https:/unpkg.com/swiper@7/swiper-bundle.min.css')
 2 SYSTEMPATH\CodeIgniter.php(834): CodeIgniter\Router\Router->handle('https:/unpkg.com/swiper@7/swiper-bundle.min.css')
 3 SYSTEMPATH\CodeIgniter.php(457): CodeIgniter\CodeIgniter->tryToRouteIt(Object(CodeIgniter\Router\RouteCollection))
 4 SYSTEMPATH\CodeIgniter.php(355): CodeIgniter\CodeIgniter->handleRequest(null, Object(Config\Cache), false)
 5 SYSTEMPATH\Boot.php(312): CodeIgniter\CodeIgniter->run()
 6 SYSTEMPATH\Boot.php(67): CodeIgniter\Boot::runCodeIgniter(Object(CodeIgniter\CodeIgniter))
 7 FCPATH\index.php(56): CodeIgniter\Boot::bootWeb(Object(Config\Paths))
 8 SYSTEMPATH\Commands\Server\rewrite.php(49): require_once('C:\\xampp\\htdocs\\perpusatakaan_CI4\\public\\index.php')
CRITICAL - 2024-05-27 01:50:35 --> CodeIgniter\HTTP\Exceptions\BadRequestException: The URI you submitted has disallowed characters: "swiper@7"
[Method: GET, Route: https:/unpkg.com/swiper@7/swiper-bundle.min.css]
in SYSTEMPATH\Router\Router.php on line 736.
 1 SYSTEMPATH\Router\Router.php(203): CodeIgniter\Router\Router->checkDisallowedChars('https:/unpkg.com/swiper@7/swiper-bundle.min.css')
 2 SYSTEMPATH\CodeIgniter.php(834): CodeIgniter\Router\Router->handle('https:/unpkg.com/swiper@7/swiper-bundle.min.css')
 3 SYSTEMPATH\CodeIgniter.php(457): CodeIgniter\CodeIgniter->tryToRouteIt(Object(CodeIgniter\Router\RouteCollection))
 4 SYSTEMPATH\CodeIgniter.php(355): CodeIgniter\CodeIgniter->handleRequest(null, Object(Config\Cache), false)
 5 SYSTEMPATH\Boot.php(312): CodeIgniter\CodeIgniter->run()
 6 SYSTEMPATH\Boot.php(67): CodeIgniter\Boot::runCodeIgniter(Object(CodeIgniter\CodeIgniter))
 7 FCPATH\index.php(56): CodeIgniter\Boot::bootWeb(Object(Config\Paths))
 8 SYSTEMPATH\Commands\Server\rewrite.php(49): require_once('C:\\xampp\\htdocs\\perpusatakaan_CI4\\public\\index.php')
CRITICAL - 2024-05-27 02:59:57 --> CodeIgniter\HTTP\Exceptions\BadRequestException: The URI you submitted has disallowed characters: "swiper@7"
[Method: GET, Route: https:/unpkg.com/swiper@7/swiper-bundle.min.css]
in SYSTEMPATH\Router\Router.php on line 736.
 1 SYSTEMPATH\Router\Router.php(203): CodeIgniter\Router\Router->checkDisallowedChars('https:/unpkg.com/swiper@7/swiper-bundle.min.css')
 2 SYSTEMPATH\CodeIgniter.php(834): CodeIgniter\Router\Router->handle('https:/unpkg.com/swiper@7/swiper-bundle.min.css')
 3 SYSTEMPATH\CodeIgniter.php(457): CodeIgniter\CodeIgniter->tryToRouteIt(Object(CodeIgniter\Router\RouteCollection))
 4 SYSTEMPATH\CodeIgniter.php(355): CodeIgniter\CodeIgniter->handleRequest(null, Object(Config\Cache), false)
 5 SYSTEMPATH\Boot.php(312): CodeIgniter\CodeIgniter->run()
 6 SYSTEMPATH\Boot.php(67): CodeIgniter\Boot::runCodeIgniter(Object(CodeIgniter\CodeIgniter))
 7 FCPATH\index.php(56): CodeIgniter\Boot::bootWeb(Object(Config\Paths))
 8 SYSTEMPATH\Commands\Server\rewrite.php(49): require_once('C:\\xampp\\htdocs\\perpusatakaan_CI4\\public\\index.php')
CRITICAL - 2024-05-27 04:25:54 --> CodeIgniter\HTTP\Exceptions\BadRequestException: The URI you submitted has disallowed characters: "swiper@7"
[Method: GET, Route: https:/unpkg.com/swiper@7/swiper-bundle.min.css]
in SYSTEMPATH\Router\Router.php on line 736.
 1 SYSTEMPATH\Router\Router.php(203): CodeIgniter\Router\Router->checkDisallowedChars('https:/unpkg.com/swiper@7/swiper-bundle.min.css')
 2 SYSTEMPATH\CodeIgniter.php(834): CodeIgniter\Router\Router->handle('https:/unpkg.com/swiper@7/swiper-bundle.min.css')
 3 SYSTEMPATH\CodeIgniter.php(457): CodeIgniter\CodeIgniter->tryToRouteIt(Object(CodeIgniter\Router\RouteCollection))
 4 SYSTEMPATH\CodeIgniter.php(355): CodeIgniter\CodeIgniter->handleRequest(null, Object(Config\Cache), false)
 5 SYSTEMPATH\Boot.php(312): CodeIgniter\CodeIgniter->run()
 6 SYSTEMPATH\Boot.php(67): CodeIgniter\Boot::runCodeIgniter(Object(CodeIgniter\CodeIgniter))
 7 FCPATH\index.php(56): CodeIgniter\Boot::bootWeb(Object(Config\Paths))
 8 SYSTEMPATH\Commands\Server\rewrite.php(49): require_once('C:\\xampp\\htdocs\\perpusatakaan_CI4\\public\\index.php')
INFO - 2024-05-27 04:26:27 --> Session: Class initialized using 'CodeIgniter\Session\Handlers\FileHandler' driver.
CRITICAL - 2024-05-27 04:26:27 --> ErrorException: Undefined variable $orang
[Method: GET, Route: databuku]
in APPPATH\Views\databuku.php on line 24.
 1 APPPATH\Views\databuku.php(24): CodeIgniter\Debug\Exceptions->errorHandler(2, 'Undefined variable $orang', 'C:\\xampp\\htdocs\\perpusatakaan_CI4\\app\\Views\\databuku.php', 24)
 2 SYSTEMPATH\View\View.php(234): include('C:\\xampp\\htdocs\\perpusatakaan_CI4\\app\\Views\\databuku.php')
 3 SYSTEMPATH\View\View.php(237): CodeIgniter\View\View->CodeIgniter\View\{closure}()
 4 SYSTEMPATH\Common.php(1171): CodeIgniter\View\View->render('databuku', [], true)
 5 APPPATH\Controllers\dashboard.php(13): view('databuku')
 6 SYSTEMPATH\CodeIgniter.php(933): App\Controllers\dashboard->databuku()
 7 SYSTEMPATH\CodeIgniter.php(509): CodeIgniter\CodeIgniter->runController(Object(App\Controllers\dashboard))
 8 SYSTEMPATH\CodeIgniter.php(355): CodeIgniter\CodeIgniter->handleRequest(null, Object(Config\Cache), false)
 9 SYSTEMPATH\Boot.php(312): CodeIgniter\CodeIgniter->run()
10 SYSTEMPATH\Boot.php(67): CodeIgniter\Boot::runCodeIgniter(Object(CodeIgniter\CodeIgniter))
11 FCPATH\index.php(56): CodeIgniter\Boot::bootWeb(Object(Config\Paths))
12 SYSTEMPATH\Commands\Server\rewrite.php(49): require_once('C:\\xampp\\htdocs\\perpusatakaan_CI4\\public\\index.php')
INFO - 2024-05-27 04:28:01 --> Session: Class initialized using 'CodeIgniter\Session\Handlers\FileHandler' driver.
CRITICAL - 2024-05-27 04:28:01 --> ErrorException: Undefined variable $orang
[Method: GET, Route: databuku]
in APPPATH\Views\databuku.php on line 24.
 1 APPPATH\Views\databuku.php(24): CodeIgniter\Debug\Exceptions->errorHandler(2, 'Undefined variable $orang', 'C:\\xampp\\htdocs\\perpusatakaan_CI4\\app\\Views\\databuku.php', 24)
 2 SYSTEMPATH\View\View.php(234): include('C:\\xampp\\htdocs\\perpusatakaan_CI4\\app\\Views\\databuku.php')
 3 SYSTEMPATH\View\View.php(237): CodeIgniter\View\View->CodeIgniter\View\{closure}()
 4 SYSTEMPATH\Common.php(1171): CodeIgniter\View\View->render('databuku', [], true)
 5 APPPATH\Controllers\dashboard.php(13): view('databuku')
 6 SYSTEMPATH\CodeIgniter.php(933): App\Controllers\dashboard->databuku()
 7 SYSTEMPATH\CodeIgniter.php(509): CodeIgniter\CodeIgniter->runController(Object(App\Controllers\dashboard))
 8 SYSTEMPATH\CodeIgniter.php(355): CodeIgniter\CodeIgniter->handleRequest(null, Object(Config\Cache), false)
 9 SYSTEMPATH\Boot.php(312): CodeIgniter\CodeIgniter->run()
10 SYSTEMPATH\Boot.php(67): CodeIgniter\Boot::runCodeIgniter(Object(CodeIgniter\CodeIgniter))
11 FCPATH\index.php(56): CodeIgniter\Boot::bootWeb(Object(Config\Paths))
12 SYSTEMPATH\Commands\Server\rewrite.php(49): require_once('C:\\xampp\\htdocs\\perpusatakaan_CI4\\public\\index.php')
INFO - 2024-05-27 04:28:02 --> Session: Class initialized using 'CodeIgniter\Session\Handlers\FileHandler' driver.
CRITICAL - 2024-05-27 04:28:02 --> ErrorException: Undefined variable $orang
[Method: GET, Route: databuku]
in APPPATH\Views\databuku.php on line 24.
 1 APPPATH\Views\databuku.php(24): CodeIgniter\Debug\Exceptions->errorHandler(2, 'Undefined variable $orang', 'C:\\xampp\\htdocs\\perpusatakaan_CI4\\app\\Views\\databuku.php', 24)
 2 SYSTEMPATH\View\View.php(234): include('C:\\xampp\\htdocs\\perpusatakaan_CI4\\app\\Views\\databuku.php')
 3 SYSTEMPATH\View\View.php(237): CodeIgniter\View\View->CodeIgniter\View\{closure}()
 4 SYSTEMPATH\Common.php(1171): CodeIgniter\View\View->render('databuku', [], true)
 5 APPPATH\Controllers\dashboard.php(13): view('databuku')
 6 SYSTEMPATH\CodeIgniter.php(933): App\Controllers\dashboard->databuku()
 7 SYSTEMPATH\CodeIgniter.php(509): CodeIgniter\CodeIgniter->runController(Object(App\Controllers\dashboard))
 8 SYSTEMPATH\CodeIgniter.php(355): CodeIgniter\CodeIgniter->handleRequest(null, Object(Config\Cache), false)
 9 SYSTEMPATH\Boot.php(312): CodeIgniter\CodeIgniter->run()
10 SYSTEMPATH\Boot.php(67): CodeIgniter\Boot::runCodeIgniter(Object(CodeIgniter\CodeIgniter))
11 FCPATH\index.php(56): CodeIgniter\Boot::bootWeb(Object(Config\Paths))
12 SYSTEMPATH\Commands\Server\rewrite.php(49): require_once('C:\\xampp\\htdocs\\perpusatakaan_CI4\\public\\index.php')
INFO - 2024-05-27 04:33:08 --> Session: Class initialized using 'CodeIgniter\Session\Handlers\FileHandler' driver.
CRITICAL - 2024-05-27 04:33:08 --> ErrorException: Undefined variable $orang
[Method: GET, Route: databuku]
in APPPATH\Views\databuku.php on line 24.
 1 APPPATH\Views\databuku.php(24): CodeIgniter\Debug\Exceptions->errorHandler(2, 'Undefined variable $orang', 'C:\\xampp\\htdocs\\perpusatakaan_CI4\\app\\Views\\databuku.php', 24)
 2 SYSTEMPATH\View\View.php(234): include('C:\\xampp\\htdocs\\perpusatakaan_CI4\\app\\Views\\databuku.php')
 3 SYSTEMPATH\View\View.php(237): CodeIgniter\View\View->CodeIgniter\View\{closure}()
 4 SYSTEMPATH\Common.php(1171): CodeIgniter\View\View->render('databuku', [], true)
 5 APPPATH\Controllers\dashboard.php(13): view('databuku')
 6 SYSTEMPATH\CodeIgniter.php(933): App\Controllers\dashboard->databuku()
 7 SYSTEMPATH\CodeIgniter.php(509): CodeIgniter\CodeIgniter->runController(Object(App\Controllers\dashboard))
 8 SYSTEMPATH\CodeIgniter.php(355): CodeIgniter\CodeIgniter->handleRequest(null, Object(Config\Cache), false)
 9 SYSTEMPATH\Boot.php(312): CodeIgniter\CodeIgniter->run()
10 SYSTEMPATH\Boot.php(67): CodeIgniter\Boot::runCodeIgniter(Object(CodeIgniter\CodeIgniter))
11 FCPATH\index.php(56): CodeIgniter\Boot::bootWeb(Object(Config\Paths))
12 SYSTEMPATH\Commands\Server\rewrite.php(49): require_once('C:\\xampp\\htdocs\\perpusatakaan_CI4\\public\\index.php')
INFO - 2024-05-27 04:33:09 --> Session: Class initialized using 'CodeIgniter\Session\Handlers\FileHandler' driver.
CRITICAL - 2024-05-27 04:33:09 --> ErrorException: Undefined variable $orang
[Method: GET, Route: databuku]
in APPPATH\Views\databuku.php on line 24.
 1 APPPATH\Views\databuku.php(24): CodeIgniter\Debug\Exceptions->errorHandler(2, 'Undefined variable $orang', 'C:\\xampp\\htdocs\\perpusatakaan_CI4\\app\\Views\\databuku.php', 24)
 2 SYSTEMPATH\View\View.php(234): include('C:\\xampp\\htdocs\\perpusatakaan_CI4\\app\\Views\\databuku.php')
 3 SYSTEMPATH\View\View.php(237): CodeIgniter\View\View->CodeIgniter\View\{closure}()
 4 SYSTEMPATH\Common.php(1171): CodeIgniter\View\View->render('databuku', [], true)
 5 APPPATH\Controllers\dashboard.php(13): view('databuku')
 6 SYSTEMPATH\CodeIgniter.php(933): App\Controllers\dashboard->databuku()
 7 SYSTEMPATH\CodeIgniter.php(509): CodeIgniter\CodeIgniter->runController(Object(App\Controllers\dashboard))
 8 SYSTEMPATH\CodeIgniter.php(355): CodeIgniter\CodeIgniter->handleRequest(null, Object(Config\Cache), false)
 9 SYSTEMPATH\Boot.php(312): CodeIgniter\CodeIgniter->run()
10 SYSTEMPATH\Boot.php(67): CodeIgniter\Boot::runCodeIgniter(Object(CodeIgniter\CodeIgniter))
11 FCPATH\index.php(56): CodeIgniter\Boot::bootWeb(Object(Config\Paths))
12 SYSTEMPATH\Commands\Server\rewrite.php(49): require_once('C:\\xampp\\htdocs\\perpusatakaan_CI4\\public\\index.php')
INFO - 2024-05-27 04:36:53 --> Session: Class initialized using 'CodeIgniter\Session\Handlers\FileHandler' driver.
CRITICAL - 2024-05-27 04:36:53 --> ErrorException: Undefined variable $test
[Method: GET, Route: databuku]
in APPPATH\Views\databuku.php on line 24.
 1 APPPATH\Views\databuku.php(24): CodeIgniter\Debug\Exceptions->errorHandler(2, 'Undefined variable $test', 'C:\\xampp\\htdocs\\perpusatakaan_CI4\\app\\Views\\databuku.php', 24)
 2 SYSTEMPATH\View\View.php(234): include('C:\\xampp\\htdocs\\perpusatakaan_CI4\\app\\Views\\databuku.php')
 3 SYSTEMPATH\View\View.php(237): CodeIgniter\View\View->CodeIgniter\View\{closure}()
 4 SYSTEMPATH\Common.php(1171): CodeIgniter\View\View->render('databuku', [], true)
 5 APPPATH\Controllers\dashboard.php(13): view('databuku')
 6 SYSTEMPATH\CodeIgniter.php(933): App\Controllers\dashboard->databuku()
 7 SYSTEMPATH\CodeIgniter.php(509): CodeIgniter\CodeIgniter->runController(Object(App\Controllers\dashboard))
 8 SYSTEMPATH\CodeIgniter.php(355): CodeIgniter\CodeIgniter->handleRequest(null, Object(Config\Cache), false)
 9 SYSTEMPATH\Boot.php(312): CodeIgniter\CodeIgniter->run()
10 SYSTEMPATH\Boot.php(67): CodeIgniter\Boot::runCodeIgniter(Object(CodeIgniter\CodeIgniter))
11 FCPATH\index.php(56): CodeIgniter\Boot::bootWeb(Object(Config\Paths))
12 SYSTEMPATH\Commands\Server\rewrite.php(49): require_once('C:\\xampp\\htdocs\\perpusatakaan_CI4\\public\\index.php')
CRITICAL - 2024-05-27 04:39:01 --> ParseError: syntax error, unexpected token "endforeach", expecting end of file
[Method: GET, Route: databuku]
in APPPATH\Views\databuku.php on line 32.
 1 SYSTEMPATH\View\View.php(237): CodeIgniter\View\View->CodeIgniter\View\{closure}()
 2 SYSTEMPATH\Common.php(1171): CodeIgniter\View\View->render('databuku', [], true)
 3 APPPATH\Controllers\dashboard.php(13): view('databuku')
 4 SYSTEMPATH\CodeIgniter.php(933): App\Controllers\dashboard->databuku()
 5 SYSTEMPATH\CodeIgniter.php(509): CodeIgniter\CodeIgniter->runController(Object(App\Controllers\dashboard))
 6 SYSTEMPATH\CodeIgniter.php(355): CodeIgniter\CodeIgniter->handleRequest(null, Object(Config\Cache), false)
 7 SYSTEMPATH\Boot.php(312): CodeIgniter\CodeIgniter->run()
 8 SYSTEMPATH\Boot.php(67): CodeIgniter\Boot::runCodeIgniter(Object(CodeIgniter\CodeIgniter))
 9 FCPATH\index.php(56): CodeIgniter\Boot::bootWeb(Object(Config\Paths))
10 SYSTEMPATH\Commands\Server\rewrite.php(49): require_once('C:\\xampp\\htdocs\\perpusatakaan_CI4\\public\\index.php')
INFO - 2024-05-27 04:39:11 --> Session: Class initialized using 'CodeIgniter\Session\Handlers\FileHandler' driver.
CRITICAL - 2024-05-27 04:39:11 --> ErrorException: Undefined variable $o
[Method: GET, Route: databuku]
in APPPATH\Views\databuku.php on line 26.
 1 APPPATH\Views\databuku.php(26): CodeIgniter\Debug\Exceptions->errorHandler(2, 'Undefined variable $o', 'C:\\xampp\\htdocs\\perpusatakaan_CI4\\app\\Views\\databuku.php', 26)
 2 SYSTEMPATH\View\View.php(234): include('C:\\xampp\\htdocs\\perpusatakaan_CI4\\app\\Views\\databuku.php')
 3 SYSTEMPATH\View\View.php(237): CodeIgniter\View\View->CodeIgniter\View\{closure}()
 4 SYSTEMPATH\Common.php(1171): CodeIgniter\View\View->render('databuku', [], true)
 5 APPPATH\Controllers\dashboard.php(13): view('databuku')
 6 SYSTEMPATH\CodeIgniter.php(933): App\Controllers\dashboard->databuku()
 7 SYSTEMPATH\CodeIgniter.php(509): CodeIgniter\CodeIgniter->runController(Object(App\Controllers\dashboard))
 8 SYSTEMPATH\CodeIgniter.php(355): CodeIgniter\CodeIgniter->handleRequest(null, Object(Config\Cache), false)
 9 SYSTEMPATH\Boot.php(312): CodeIgniter\CodeIgniter->run()
10 SYSTEMPATH\Boot.php(67): CodeIgniter\Boot::runCodeIgniter(Object(CodeIgniter\CodeIgniter))
11 FCPATH\index.php(56): CodeIgniter\Boot::bootWeb(Object(Config\Paths))
12 SYSTEMPATH\Commands\Server\rewrite.php(49): require_once('C:\\xampp\\htdocs\\perpusatakaan_CI4\\public\\index.php')
INFO - 2024-05-27 04:39:24 --> Session: Class initialized using 'CodeIgniter\Session\Handlers\FileHandler' driver.
CRITICAL - 2024-05-27 04:39:24 --> ErrorException: Undefined variable $pager
[Method: GET, Route: databuku]
in APPPATH\Views\databuku.php on line 31.
 1 APPPATH\Views\databuku.php(31): CodeIgniter\Debug\Exceptions->errorHandler(2, 'Undefined variable $pager', 'C:\\xampp\\htdocs\\perpusatakaan_CI4\\app\\Views\\databuku.php', 31)
 2 SYSTEMPATH\View\View.php(234): include('C:\\xampp\\htdocs\\perpusatakaan_CI4\\app\\Views\\databuku.php')
 3 SYSTEMPATH\View\View.php(237): CodeIgniter\View\View->CodeIgniter\View\{closure}()
 4 SYSTEMPATH\Common.php(1171): CodeIgniter\View\View->render('databuku', [], true)
 5 APPPATH\Controllers\dashboard.php(13): view('databuku')
 6 SYSTEMPATH\CodeIgniter.php(933): App\Controllers\dashboard->databuku()
 7 SYSTEMPATH\CodeIgniter.php(509): CodeIgniter\CodeIgniter->runController(Object(App\Controllers\dashboard))
 8 SYSTEMPATH\CodeIgniter.php(355): CodeIgniter\CodeIgniter->handleRequest(null, Object(Config\Cache), false)
 9 SYSTEMPATH\Boot.php(312): CodeIgniter\CodeIgniter->run()
10 SYSTEMPATH\Boot.php(67): CodeIgniter\Boot::runCodeIgniter(Object(CodeIgniter\CodeIgniter))
11 FCPATH\index.php(56): CodeIgniter\Boot::bootWeb(Object(Config\Paths))
12 SYSTEMPATH\Commands\Server\rewrite.php(49): require_once('C:\\xampp\\htdocs\\perpusatakaan_CI4\\public\\index.php')
INFO - 2024-05-27 04:39:34 --> Session: Class initialized using 'CodeIgniter\Session\Handlers\FileHandler' driver.
INFO - 2024-05-27 05:27:17 --> Session: Class initialized using 'CodeIgniter\Session\Handlers\FileHandler' driver.
INFO - 2024-05-27 05:27:21 --> Session: Class initialized using 'CodeIgniter\Session\Handlers\FileHandler' driver.
INFO - 2024-05-27 05:27:43 --> Session: Class initialized using 'CodeIgniter\Session\Handlers\FileHandler' driver.
INFO - 2024-05-27 05:29:38 --> Session: Class initialized using 'CodeIgniter\Session\Handlers\FileHandler' driver.
INFO - 2024-05-27 05:34:36 --> Session: Class initialized using 'CodeIgniter\Session\Handlers\FileHandler' driver.
INFO - 2024-05-27 05:34:41 --> Session: Class initialized using 'CodeIgniter\Session\Handlers\FileHandler' driver.
INFO - 2024-05-27 05:39:08 --> Session: Class initialized using 'CodeIgniter\Session\Handlers\FileHandler' driver.
INFO - 2024-05-27 05:39:10 --> Session: Class initialized using 'CodeIgniter\Session\Handlers\FileHandler' driver.
INFO - 2024-05-27 05:39:41 --> Session: Class initialized using 'CodeIgniter\Session\Handlers\FileHandler' driver.
INFO - 2024-05-27 05:41:56 --> Session: Class initialized using 'CodeIgniter\Session\Handlers\FileHandler' driver.
INFO - 2024-05-27 05:42:22 --> Session: Class initialized using 'CodeIgniter\Session\Handlers\FileHandler' driver.
INFO - 2024-05-27 05:42:22 --> Session: Class initialized using 'CodeIgniter\Session\Handlers\FileHandler' driver.
INFO - 2024-05-27 05:42:24 --> Session: Class initialized using 'CodeIgniter\Session\Handlers\FileHandler' driver.
INFO - 2024-05-27 05:43:39 --> Session: Class initialized using 'CodeIgniter\Session\Handlers\FileHandler' driver.
INFO - 2024-05-27 05:44:12 --> Session: Class initialized using 'CodeIgniter\Session\Handlers\FileHandler' driver.
INFO - 2024-05-27 05:45:22 --> Session: Class initialized using 'CodeIgniter\Session\Handlers\FileHandler' driver.
INFO - 2024-05-27 06:09:35 --> Session: Class initialized using 'CodeIgniter\Session\Handlers\FileHandler' driver.
INFO - 2024-05-27 06:09:46 --> Session: Class initialized using 'CodeIgniter\Session\Handlers\FileHandler' driver.
INFO - 2024-05-27 06:10:26 --> Session: Class initialized using 'CodeIgniter\Session\Handlers\FileHandler' driver.
INFO - 2024-05-27 06:11:01 --> Session: Class initialized using 'CodeIgniter\Session\Handlers\FileHandler' driver.
INFO - 2024-05-27 06:17:47 --> Session: Class initialized using 'CodeIgniter\Session\Handlers\FileHandler' driver.
INFO - 2024-05-27 06:58:18 --> Session: Class initialized using 'CodeIgniter\Session\Handlers\FileHandler' driver.
INFO - 2024-05-27 06:58:18 --> Session: Class initialized using 'CodeIgniter\Session\Handlers\FileHandler' driver.
INFO - 2024-05-27 06:58:21 --> Session: Class initialized using 'CodeIgniter\Session\Handlers\FileHandler' driver.
INFO - 2024-05-27 06:59:14 --> Session: Class initialized using 'CodeIgniter\Session\Handlers\FileHandler' driver.
INFO - 2024-05-27 06:59:24 --> Session: Class initialized using 'CodeIgniter\Session\Handlers\FileHandler' driver.
INFO - 2024-05-27 07:03:10 --> Session: Class initialized using 'CodeIgniter\Session\Handlers\FileHandler' driver.
INFO - 2024-05-27 07:04:38 --> Session: Class initialized using 'CodeIgniter\Session\Handlers\FileHandler' driver.
INFO - 2024-05-27 07:07:55 --> Session: Class initialized using 'CodeIgniter\Session\Handlers\FileHandler' driver.
